[debug] [2023-02-24T10:04:38.907Z] ----------------------------------------------------------------------
[debug] [2023-02-24T10:04:38.908Z] Command:       C:\Program Files\nodejs\node.exe C:\Program Files\nodejs\node_modules\firebase-tools\lib\bin\firebase.js init
[debug] [2023-02-24T10:04:38.909Z] CLI Version:   11.24.0
[debug] [2023-02-24T10:04:38.909Z] Platform:      win32
[debug] [2023-02-24T10:04:38.909Z] Node Version:  v19.0.0
[debug] [2023-02-24T10:04:38.909Z] Time:          Fri Feb 24 2023 12:04:38 GMT+0200 (Eastern European Standard Time)
[debug] [2023-02-24T10:04:38.909Z] ----------------------------------------------------------------------
[debug] 
[debug] [2023-02-24T10:04:38.913Z] > command requires scopes: ["email","openid","https://www.googleapis.com/auth/cloudplatformprojects.readonly","https://www.googleapis.com/auth/firebase","https://www.googleapis.com/auth/cloud-platform"]
[debug] [2023-02-24T10:04:38.914Z] > authorizing via signed-in user (zilvinas.pusnys@gmail.com)
[info] 
     ######## #### ########  ######## ########     ###     ######  ########
     ##        ##  ##     ## ##       ##     ##  ##   ##  ##       ##
     ######    ##  ########  ######   ########  #########  ######  ######
     ##        ##  ##    ##  ##       ##     ## ##     ##       ## ##
     ##       #### ##     ## ######## ########  ##     ##  ######  ########

You're about to initialize a Firebase project in this directory:

  C:\IT\Projects\FoodApp\foodapp

Before we get started, keep in mind:

  * You are currently outside your home directory

[info] 
=== Project Setup
[info] 
[info] First, let's associate this project directory with a Firebase project.
[info] You can create multiple project aliases by running firebase use --add, 
[info] but for now we'll just set up a default project.
[info] 
[debug] [2023-02-24T10:05:55.710Z] >>> [apiv2][query] GET https://firebase.googleapis.com/v1beta1/projects pageSize=100
[debug] [2023-02-24T10:05:56.309Z] <<< [apiv2][status] GET https://firebase.googleapis.com/v1beta1/projects 200
[debug] [2023-02-24T10:05:56.309Z] <<< [apiv2][body] GET https://firebase.googleapis.com/v1beta1/projects [omitted]
